<?xml version="1.0" encoding="UTF-8"?>
<testsuite xmlns:xsi="http://www.w3.org/2001/XMLSchema-instance" xsi:noNamespaceSchemaLocation="https://maven.apache.org/surefire/maven-surefire-plugin/xsd/surefire-test-report.xsd" version="3.0.2" name="com.todo_backend.TodoBackendApplicationTests" time="4.764" tests="1" errors="0" skipped="0" failures="0">
  <properties>
[...]
</properties>
  <testcase name="contextLoads" classname="com.todo_backend.TodoBackendApplicationTests" time="0.345">
    <system-out><![CDATA[20:16:35.474 [main] INFO org.springframework.test.context.support.AnnotationConfigContextLoaderUtils -- Could not detect default configuration classes for test class [com.todo_backend.TodoBackendApplicationTests]: TodoBackendApplicationTests does not declare any static, non-private, non-final, nested classes annotated with @Configuration.
20:16:35.556 [main] INFO org.springframework.boot.test.context.SpringBootTestContextBootstrapper -- Found @SpringBootConfiguration com.todo_backend.TodoBackendApplication for test class com.todo_backend.TodoBackendApplicationTests
20:16:35.684 [main] INFO org.springframework.boot.devtools.restart.RestartApplicationListener -- Restart disabled due to context in which it is running

  .   ____          _            __ _ _
 /\\ / ___'_ __ _ _(_)_ __  __ _ \ \ \ \
( ( )\___ | '_ | '_| | '_ \/ _` | \ \ \ \
 \\/  ___)| |_)| | | | | || (_| |  ) ) ) )
  '  |____| .__|_| |_|_| |_\__, | / / / /
 =========|_|==============|___/=/_/_/_/

 :: Spring Boot ::                (v3.4.5)

2025-04-27T20:16:35.888-05:00  INFO 33584 --- [           main] c.t.TodoBackendApplicationTests          : Starting TodoBackendApplicationTests using Java 20.0.2 with PID 33584 (started by bhara in C:\Users\bhara\projects\To_Do_Application\todo-backend)
2025-04-27T20:16:35.889-05:00  INFO 33584 --- [           main] c.t.TodoBackendApplicationTests          : No active profile set, falling back to 1 default profile: "default"
2025-04-27T20:16:36.483-05:00  INFO 33584 --- [           main] .s.d.r.c.RepositoryConfigurationDelegate : Bootstrapping Spring Data JPA repositories in DEFAULT mode.
2025-04-27T20:16:36.529-05:00  INFO 33584 --- [           main] .s.d.r.c.RepositoryConfigurationDelegate : Finished Spring Data repository scanning in 35 ms. Found 1 JPA repository interface.
2025-04-27T20:16:36.940-05:00  INFO 33584 --- [           main] o.hibernate.jpa.internal.util.LogHelper  : HHH000204: Processing PersistenceUnitInfo [name: default]
2025-04-27T20:16:36.982-05:00  INFO 33584 --- [           main] org.hibernate.Version                    : HHH000412: Hibernate ORM core version 6.6.13.Final
2025-04-27T20:16:37.003-05:00  INFO 33584 --- [           main] o.h.c.internal.RegionFactoryInitiator    : HHH000026: Second-level cache disabled
2025-04-27T20:16:37.271-05:00  INFO 33584 --- [           main] o.s.o.j.p.SpringPersistenceUnitInfo      : No LoadTimeWeaver setup: ignoring JPA class transformer
2025-04-27T20:16:37.328-05:00  INFO 33584 --- [           main] com.zaxxer.hikari.HikariDataSource       : HikariPool-1 - Starting...
2025-04-27T20:16:38.093-05:00  INFO 33584 --- [           main] com.zaxxer.hikari.pool.HikariPool        : HikariPool-1 - Added connection org.postgresql.jdbc.PgConnection@4b98225c
2025-04-27T20:16:38.094-05:00  INFO 33584 --- [           main] com.zaxxer.hikari.HikariDataSource       : HikariPool-1 - Start completed.
2025-04-27T20:16:38.165-05:00  WARN 33584 --- [           main] org.hibernate.orm.deprecation            : HHH90000025: PostgreSQLDialect does not need to be specified explicitly using 'hibernate.dialect' (remove the property setting and it will be selected by default)
2025-04-27T20:16:38.257-05:00  INFO 33584 --- [           main] org.hibernate.orm.connections.pooling    : HHH10001005: Database info:
	Database JDBC URL [Connecting through datasource 'HikariDataSource (HikariPool-1)']
	Database driver: undefined/unknown
	Database version: 16.8
	Autocommit mode: undefined/unknown
	Isolation level: undefined/unknown
	Minimum pool size: undefined/unknown
	Maximum pool size: undefined/unknown
2025-04-27T20:16:38.755-05:00  INFO 33584 --- [           main] o.h.e.t.j.p.i.JtaPlatformInitiator       : HHH000489: No JTA platform available (set 'hibernate.transaction.jta.platform' to enable JTA platform integration)
2025-04-27T20:16:38.961-05:00  INFO 33584 --- [           main] j.LocalContainerEntityManagerFactoryBean : Initialized JPA EntityManagerFactory for persistence unit 'default'
2025-04-27T20:16:39.383-05:00  WARN 33584 --- [           main] JpaBaseConfiguration$JpaWebConfiguration : spring.jpa.open-in-view is enabled by default. Therefore, database queries may be performed during view rendering. Explicitly configure spring.jpa.open-in-view to disable this warning
2025-04-27T20:16:39.761-05:00  INFO 33584 --- [           main] c.t.TodoBackendApplicationTests          : Started TodoBackendApplicationTests in 4.089 seconds (process running for 4.797)
]]></system-out>
  </testcase>
</testsuite>